<?xml version="1.0" encoding="UTF-8"?>
<!-- Generated by org.testng.reporters.JUnitReportReporter -->
<testsuite skipped="0" hostname="bad-PC" name="com.core.shijianclcase.WenTiClCase07" tests="5" failures="0" timestamp="13 十一月 2017 07:42:23 GMT" time="296.622" errors="0">
  <testcase name="znb1" time="45.696" classname="com.core.shijianclcase.WenTiClCase07"/>
  <testcase name="pqz1" time="45.844" classname="com.core.shijianclcase.WenTiClCase07"/>
  <testcase name="zjzxDj" time="83.809" classname="com.core.shijianclcase.WenTiClCase07"/>
  <testcase name="wgz2" time="45.570" classname="com.core.shijianclcase.WenTiClCase07"/>
  <testcase name="zjzx2" time="75.703" classname="com.core.shijianclcase.WenTiClCase07"/>
</testsuite> <!-- com.core.shijianclcase.WenTiClCase07 -->
