<?xml version="1.0" encoding="UTF-8"?>
<!-- Generated by org.testng.reporters.JUnitReportReporter -->
<testsuite skipped="0" hostname="bad-PC" name="com.core.shijianclcase.WenTiClCase06" tests="12" failures="0" timestamp="13 十一月 2017 07:42:23 GMT" time="601.013" errors="0">
  <testcase name="wgzShangBao" time="72.846" classname="com.core.shijianclcase.WenTiClCase06"/>
  <testcase name="hc" time="45.726" classname="com.core.shijianclcase.WenTiClCase06"/>
  <testcase name="znbChuLi" time="46.124" classname="com.core.shijianclcase.WenTiClCase06"/>
  <testcase name="wgzChuLi2" time="45.628" classname="com.core.shijianclcase.WenTiClCase06"/>
  <testcase name="znbChuLi2" time="46.142" classname="com.core.shijianclcase.WenTiClCase06"/>
  <testcase name="zjzxhc" time="45.271" classname="com.core.shijianclcase.WenTiClCase06"/>
  <testcase name="zjzxja" time="71.107" classname="com.core.shijianclcase.WenTiClCase06"/>
  <testcase name="zjzxPaiFa" time="41.846" classname="com.core.shijianclcase.WenTiClCase06"/>
  <testcase name="pqzChuLi" time="46.912" classname="com.core.shijianclcase.WenTiClCase06"/>
  <testcase name="zjzxcxpf" time="47.029" classname="com.core.shijianclcase.WenTiClCase06"/>
  <testcase name="wgzChuLi" time="45.760" classname="com.core.shijianclcase.WenTiClCase06"/>
  <testcase name="pqzChuLi2" time="46.622" classname="com.core.shijianclcase.WenTiClCase06"/>
</testsuite> <!-- com.core.shijianclcase.WenTiClCase06 -->
