<?xml version="1.0" encoding="UTF-8"?>
<!-- Generated by org.testng.reporters.JUnitReportReporter -->
<testsuite skipped="0" hostname="bad-PC" name="com.core.shijianclcase.WenTiClCase05" tests="6" failures="0" timestamp="13 十一月 2017 02:15:41 GMT" time="187.968" errors="0">
  <testcase name="zjzx2" time="48.028" classname="com.core.shijianclcase.WenTiClCase05"/>
  <testcase name="pqz1" time="25.336" classname="com.core.shijianclcase.WenTiClCase05"/>
  <testcase name="zjzx1" time="27.874" classname="com.core.shijianclcase.WenTiClCase05"/>
  <testcase name="wgz1" time="36.951" classname="com.core.shijianclcase.WenTiClCase05"/>
  <testcase name="znb1" time="24.930" classname="com.core.shijianclcase.WenTiClCase05"/>
  <testcase name="wgz2" time="24.849" classname="com.core.shijianclcase.WenTiClCase05"/>
</testsuite> <!-- com.core.shijianclcase.WenTiClCase05 -->
