<?xml version="1.0" encoding="UTF-8"?>
<!-- Generated by org.testng.reporters.JUnitReportReporter -->
<testsuite skipped="0" hostname="bad-PC" name="com.core.shijianclcase.WenTiClCase04" tests="1" failures="0" timestamp="13 十一月 2017 02:15:41 GMT" time="57.401" errors="0">
  <testcase name="wgz_zjiean" time="57.401" classname="com.core.shijianclcase.WenTiClCase04"/>
</testsuite> <!-- com.core.shijianclcase.WenTiClCase04 -->
