<?xml version="1.0" encoding="UTF-8"?>
<!-- Generated by org.testng.reporters.JUnitReportReporter -->
<testsuite skipped="0" hostname="bad-PC" name="com.core.shijianclcase.WenTiClCase03" tests="2" failures="0" timestamp="13 十一月 2017 02:15:41 GMT" time="91.757" errors="0">
  <testcase name="wgz_zijiean" time="43.221" classname="com.core.shijianclcase.WenTiClCase03"/>
  <testcase name="wgz_zancun02" time="48.536" classname="com.core.shijianclcase.WenTiClCase03"/>
</testsuite> <!-- com.core.shijianclcase.WenTiClCase03 -->
